<?xml version="1.0" encoding="UTF-8"?>
<testsuite xmlns:xsi="http://www.w3.org/2001/XMLSchema-instance" xsi:noNamespaceSchemaLocation="https://maven.apache.org/surefire/maven-surefire-plugin/xsd/surefire-test-report-3.0.xsd" version="3.0" name="ut.com.example.plugins.servlet.MyServletTest" time="0.034" tests="1" errors="1" skipped="0" failures="0">
  <properties>
[...]
</properties>
  <testcase name="testSomething" classname="ut.com.example.plugins.servlet.MyServletTest" time="0.021">
    <error type="java.lang.ExceptionInInitializerError"><![CDATA[java.lang.ExceptionInInitializerError
	at org.mockito.cglib.core.KeyFactory$Generator.generateClass(KeyFactory.java:167)
	at org.mockito.cglib.core.DefaultGeneratorStrategy.generate(DefaultGeneratorStrategy.java:25)
	at org.mockito.cglib.core.AbstractClassGenerator.create(AbstractClassGenerator.java:217)
	at org.mockito.cglib.core.KeyFactory$Generator.create(KeyFactory.java:145)
	at org.mockito.cglib.core.KeyFactory.create(KeyFactory.java:117)
	at org.mockito.cglib.core.KeyFactory.create(KeyFactory.java:109)
	at org.mockito.cglib.core.KeyFactory.create(KeyFactory.java:105)
	at org.mockito.cglib.proxy.Enhancer.<clinit>(Enhancer.java:70)
	at org.mockito.internal.creation.jmock.ClassImposterizer.createProxyClass(ClassImposterizer.java:68)
	at org.mockito.internal.creation.jmock.ClassImposterizer.imposterise(ClassImposterizer.java:50)
	at org.mockito.internal.util.MockUtil.createMock(MockUtil.java:54)
	at org.mockito.internal.MockitoCore.mock(MockitoCore.java:45)
	at org.mockito.Mockito.mock(Mockito.java:921)
	at org.mockito.Mockito.mock(Mockito.java:816)
	at ut.com.example.plugins.servlet.MyServletTest.setup(MyServletTest.java:21)
	at java.base/jdk.internal.reflect.DirectMethodHandleAccessor.invoke(DirectMethodHandleAccessor.java:104)
	at java.base/java.lang.reflect.Method.invoke(Method.java:565)
	at org.junit.runners.model.FrameworkMethod$1.runReflectiveCall(FrameworkMethod.java:45)
	at org.junit.internal.runners.model.ReflectiveCallable.run(ReflectiveCallable.java:15)
	at org.junit.runners.model.FrameworkMethod.invokeExplosively(FrameworkMethod.java:42)
	at org.junit.internal.runners.statements.RunBefores.evaluate(RunBefores.java:27)
	at org.junit.internal.runners.statements.RunAfters.evaluate(RunAfters.java:30)
	at org.junit.runners.ParentRunner.runLeaf(ParentRunner.java:263)
	at org.junit.runners.BlockJUnit4ClassRunner.runChild(BlockJUnit4ClassRunner.java:68)
	at org.junit.runners.BlockJUnit4ClassRunner.runChild(BlockJUnit4ClassRunner.java:47)
	at org.junit.runners.ParentRunner$3.run(ParentRunner.java:231)
	at org.junit.runners.ParentRunner$1.schedule(ParentRunner.java:60)
	at org.junit.runners.ParentRunner.runChildren(ParentRunner.java:229)
	at org.junit.runners.ParentRunner.access$000(ParentRunner.java:50)
	at org.junit.runners.ParentRunner$2.evaluate(ParentRunner.java:222)
	at org.junit.runners.ParentRunner.run(ParentRunner.java:300)
	at org.apache.maven.surefire.junit4.JUnit4Provider.execute(JUnit4Provider.java:316)
	at org.apache.maven.surefire.junit4.JUnit4Provider.executeWithRerun(JUnit4Provider.java:240)
	at org.apache.maven.surefire.junit4.JUnit4Provider.executeTestSet(JUnit4Provider.java:214)
	at org.apache.maven.surefire.junit4.JUnit4Provider.invoke(JUnit4Provider.java:155)
	at org.apache.maven.surefire.booter.ForkedBooter.runSuitesInProcess(ForkedBooter.java:385)
	at org.apache.maven.surefire.booter.ForkedBooter.execute(ForkedBooter.java:162)
	at org.apache.maven.surefire.booter.ForkedBooter.run(ForkedBooter.java:507)
	at org.apache.maven.surefire.booter.ForkedBooter.main(ForkedBooter.java:495)
Caused by: java.lang.reflect.InaccessibleObjectException: Unable to make protected final java.lang.Class java.lang.ClassLoader.defineClass(java.lang.String,byte[],int,int,java.security.ProtectionDomain) throws java.lang.ClassFormatError accessible: module java.base does not "opens java.lang" to unnamed module @2cb4c3ab
	at java.base/java.lang.reflect.AccessibleObject.throwInaccessibleObjectException(AccessibleObject.java:353)
	at java.base/java.lang.reflect.AccessibleObject.checkCanSetAccessible(AccessibleObject.java:329)
	at java.base/java.lang.reflect.AccessibleObject.checkCanSetAccessible(AccessibleObject.java:277)
	at java.base/java.lang.reflect.Method.checkCanSetAccessible(Method.java:182)
	at java.base/java.lang.reflect.Method.setAccessible(Method.java:176)
	at org.mockito.cglib.core.ReflectUtils$2.run(ReflectUtils.java:57)
	at java.base/java.security.AccessController.doPrivileged(AccessController.java:74)
	at org.mockito.cglib.core.ReflectUtils.<clinit>(ReflectUtils.java:47)
	... 39 more
]]></error>
  </testcase>
</testsuite>